<!DOCTYPE html>
<!--
 | Generated by Apache Maven Doxia Site Renderer 1.9.2 at 2021-03-22

 | Rendered using Apache Maven Default Skin
-->
<html xmlns="http://www.w3.org/1999/xhtml" xml:lang="ru" lang="ru">
  <head>
    <meta charset="UTF-8" />
    <meta name="viewport" content="width=device-width, initial-scale=1.0" />
    <meta name="generator" content="Apache Maven Doxia Site Renderer 1.9.2" />
    <title>Surefire Report</title>
    <link rel="stylesheet" href="./css/maven-base.css" />
    <link rel="stylesheet" href="./css/maven-theme.css" />
    <link rel="stylesheet" href="./css/site.css" />
    <link rel="stylesheet" href="./css/print.css" media="print" />
  </head>
  <body class="composite">
    <div id="banner">
      <div class="clear">
        <hr/>
      </div>
    </div>
    <div id="breadcrumbs">
      <div class="xleft">
        <span id="publishDate">Last Published: 2021-03-22</span>
          &#xA0;| <span id="projectVersion">Version: 1.0-SNAPSHOT</span>
      </div>
      <div class="xright">      </div>
      <div class="clear">
        <hr/>
      </div>
    </div>
    <div id="leftColumn">
      <div id="navcolumn">
      <a href="http://maven.apache.org/" title="Built by Maven" class="poweredBy">
        <img class="poweredBy" alt="Built by Maven" src="./images/logos/maven-feather.png" />
      </a>
      </div>
    </div>
    <div id="bodyColumn">
      <div id="contentBox">
<script type="application/javascript">
//<![CDATA[
function toggleDisplay(elementId) {
 var elm = document.getElementById(elementId + '-error');
 if (elm == null) {
  elm = document.getElementById(elementId + '-failure');
 }
 if (elm && typeof elm.style != "undefined") {
  if (elm.style.display == "none") {
   elm.style.display = "";
   document.getElementById(elementId + '-off').style.display = "none";
   document.getElementById(elementId + '-on').style.display = "inline";
  } else if (elm.style.display == "") {   elm.style.display = "none";
   document.getElementById(elementId + '-off').style.display = "inline";
   document.getElementById(elementId + '-on').style.display = "none";
  } 
 } 
 }
//]]>
</script><section>
<h2><a name="Surefire_Report"></a>Surefire Report</h2></section><section>
<h2><a name="Summary"></a>Summary</h2><a name="Summary"></a>
<p>[<a href="#Summary">Summary</a>] [<a href="#Package_List">Package List</a>] [<a href="#Test_Cases">Test Cases</a>]</p><br />
<table border="1" class="bodyTable">
<tr class="a">
<th>Tests</th>
<th>Errors</th>
<th>Failures</th>
<th>Skipped</th>
<th>Success Rate</th>
<th>Time</th></tr>
<tr class="b">
<td>19</td>
<td>1</td>
<td>7</td>
<td>0</td>
<td>57,895%</td>
<td>0,012</td></tr></table><br />
<p>Note: failures are anticipated and checked for with assertions while errors are unanticipated.</p><br /></section><section>
<h2><a name="Package_List"></a>Package List</h2><a name="Package_List"></a>
<p>[<a href="#Summary">Summary</a>] [<a href="#Package_List">Package List</a>] [<a href="#Test_Cases">Test Cases</a>]</p><br />
<table border="1" class="bodyTable">
<tr class="a">
<th>Package</th>
<th>Tests</th>
<th>Errors</th>
<th>Failures</th>
<th>Skipped</th>
<th>Success Rate</th>
<th>Time</th></tr>
<tr class="b">
<td><a href="#negative">negative</a></td>
<td>8</td>
<td>1</td>
<td>7</td>
<td>0</td>
<td>0%</td>
<td>0,012</td></tr>
<tr class="a">
<td><a href="#positive">positive</a></td>
<td>11</td>
<td>0</td>
<td>0</td>
<td>0</td>
<td>100%</td>
<td>0</td></tr></table><br />
<p>Note: package statistics are not computed recursively, they only sum up all of its testsuites numbers.</p><section>
<h3><a name="negative"></a>negative</h3><a name="negative"></a>
<table border="1" class="bodyTable">
<tr class="a">
<th></th>
<th>Class</th>
<th>Tests</th>
<th>Errors</th>
<th>Failures</th>
<th>Skipped</th>
<th>Success Rate</th>
<th>Time</th></tr>
<tr class="b">
<td><a href="#negative.TestCalculationNeg"><figure><img src="images/icon_warning_sml.gif" alt="" /></figure></a></td>
<td><a href="#negative.TestCalculationNeg">TestCalculationNeg</a></td>
<td>4</td>
<td>0</td>
<td>4</td>
<td>0</td>
<td>0%</td>
<td>0,012</td></tr>
<tr class="a">
<td><a href="#negative.TestValidationNeg"><figure><img src="images/icon_error_sml.gif" alt="" /></figure></a></td>
<td><a href="#negative.TestValidationNeg">TestValidationNeg</a></td>
<td>4</td>
<td>1</td>
<td>3</td>
<td>0</td>
<td>0%</td>
<td>0</td></tr></table></section><section>
<h3><a name="positive"></a>positive</h3><a name="positive"></a>
<table border="1" class="bodyTable">
<tr class="a">
<th></th>
<th>Class</th>
<th>Tests</th>
<th>Errors</th>
<th>Failures</th>
<th>Skipped</th>
<th>Success Rate</th>
<th>Time</th></tr>
<tr class="b">
<td><a href="#positive.TestCalculation"><figure><img src="images/icon_success_sml.gif" alt="" /></figure></a></td>
<td><a href="#positive.TestCalculation">TestCalculation</a></td>
<td>5</td>
<td>0</td>
<td>0</td>
<td>0</td>
<td>100%</td>
<td>0</td></tr>
<tr class="a">
<td><a href="#positive.TestParsing"><figure><img src="images/icon_success_sml.gif" alt="" /></figure></a></td>
<td><a href="#positive.TestParsing">TestParsing</a></td>
<td>2</td>
<td>0</td>
<td>0</td>
<td>0</td>
<td>100%</td>
<td>0</td></tr>
<tr class="b">
<td><a href="#positive.TestValidation"><figure><img src="images/icon_success_sml.gif" alt="" /></figure></a></td>
<td><a href="#positive.TestValidation">TestValidation</a></td>
<td>4</td>
<td>0</td>
<td>0</td>
<td>0</td>
<td>100%</td>
<td>0</td></tr></table></section><br /></section><section>
<h2><a name="Test_Cases"></a>Test Cases</h2><a name="Test_Cases"></a>
<p>[<a href="#Summary">Summary</a>] [<a href="#Package_List">Package List</a>] [<a href="#Test_Cases">Test Cases</a>]</p><section>
<h3><a name="TestCalculationNeg"></a>TestCalculationNeg</h3><a name="negative.TestCalculationNeg"></a>
<table border="1" class="bodyTable">
<tr class="a">
<td><a href="#negative.TestCalculationNeg.testCalculation"><figure><img src="images/icon_error_sml.gif" alt="" /></figure></a></td>
<td><a name="TC_negative.TestCalculationNeg.testCalculation"></a><a href="#negative.TestCalculationNeg.testCalculation">testCalculation</a>
<div class="detailToggle" style="display:inline"><a href="javascript:toggleDisplay('negative.TestCalculationNeg.testCalculation');"><span style="display:inline;" id="negative.TestCalculationNeg.testCalculation-off"> + </span><span style="display:none;" id="negative.TestCalculationNeg.testCalculation-on"> - </span>[ Detail ]</a></div></td>
<td>0,012</td></tr>
<tr class="b">
<td></td>
<td> Expected: &lt;8.5&gt;      but: was &lt;9.5&gt;</td>
<td></td></tr>
<tr class="a">
<td></td>
<td>
<div id="negative.TestCalculationNeg.testCalculation-failure" style="display:none;">
<div>
<pre>java.lang.AssertionError: 
Expected: &lt;8.5&gt;
     but: was &lt;9.5&gt;
	at org.hamcrest.MatcherAssert.assertThat(MatcherAssert.java:20)
	at org.hamcrest.MatcherAssert.assertThat(MatcherAssert.java:8)
	at negative.TestCalculationNeg.testCalculation(TestCalculationNeg.java:37)
	at sun.reflect.NativeMethodAccessorImpl.invoke0(Native Method)
	at sun.reflect.NativeMethodAccessorImpl.invoke(NativeMethodAccessorImpl.java:62)
	at sun.reflect.DelegatingMethodAccessorImpl.invoke(DelegatingMethodAccessorImpl.java:43)
	at java.lang.reflect.Method.invoke(Method.java:498)
	at org.junit.runners.model.FrameworkMethod$1.runReflectiveCall(FrameworkMethod.java:59)
	at org.junit.internal.runners.model.ReflectiveCallable.run(ReflectiveCallable.java:12)
	at org.junit.runners.model.FrameworkMethod.invokeExplosively(FrameworkMethod.java:56)
	at org.junit.internal.runners.statements.InvokeMethod.evaluate(InvokeMethod.java:17)
	at org.junit.internal.runners.statements.RunBefores.evaluate(RunBefores.java:26)
	at org.junit.runners.ParentRunner$3.evaluate(ParentRunner.java:306)
	at org.junit.runners.BlockJUnit4ClassRunner$1.evaluate(BlockJUnit4ClassRunner.java:100)
	at org.junit.runners.ParentRunner.runLeaf(ParentRunner.java:366)
	at org.junit.runners.BlockJUnit4ClassRunner.runChild(BlockJUnit4ClassRunner.java:103)
	at org.junit.runners.BlockJUnit4ClassRunner.runChild(BlockJUnit4ClassRunner.java:63)
	at org.junit.runners.ParentRunner$4.run(ParentRunner.java:331)
	at org.junit.runners.ParentRunner$1.schedule(ParentRunner.java:79)
	at org.junit.runners.ParentRunner.runChildren(ParentRunner.java:329)
	at org.junit.runners.ParentRunner.access$100(ParentRunner.java:66)
	at org.junit.runners.ParentRunner$2.evaluate(ParentRunner.java:293)
	at org.junit.runners.ParentRunner$3.evaluate(ParentRunner.java:306)
	at org.junit.runners.ParentRunner.run(ParentRunner.java:413)
	at org.apache.maven.surefire.junit4.JUnit4Provider.execute(JUnit4Provider.java:252)
	at org.apache.maven.surefire.junit4.JUnit4Provider.executeTestSet(JUnit4Provider.java:141)
	at org.apache.maven.surefire.junit4.JUnit4Provider.invoke(JUnit4Provider.java:112)
	at sun.reflect.NativeMethodAccessorImpl.invoke0(Native Method)
	at sun.reflect.NativeMethodAccessorImpl.invoke(NativeMethodAccessorImpl.java:62)
	at sun.reflect.DelegatingMethodAccessorImpl.invoke(DelegatingMethodAccessorImpl.java:43)
	at java.lang.reflect.Method.invoke(Method.java:498)
	at org.apache.maven.surefire.util.ReflectionUtils.invokeMethodWithArray(ReflectionUtils.java:189)
	at org.apache.maven.surefire.booter.ProviderFactory$ProviderProxy.invoke(ProviderFactory.java:165)
	at org.apache.maven.surefire.booter.ProviderFactory.invokeProvider(ProviderFactory.java:85)
	at org.apache.maven.surefire.booter.ForkedBooter.runSuitesInProcess(ForkedBooter.java:115)
	at org.apache.maven.surefire.booter.ForkedBooter.main(ForkedBooter.java:75)
</pre></div></div></td>
<td></td></tr>
<tr class="b">
<td><a href="#negative.TestCalculationNeg.testCalculationByDivisionByZero"><figure><img src="images/icon_error_sml.gif" alt="" /></figure></a></td>
<td><a name="TC_negative.TestCalculationNeg.testCalculationByDivisionByZero"></a><a href="#negative.TestCalculationNeg.testCalculationByDivisionByZero">testCalculationByDivisionByZero</a>
<div class="detailToggle" style="display:inline"><a href="javascript:toggleDisplay('negative.TestCalculationNeg.testCalculationByDivisionByZero');"><span style="display:inline;" id="negative.TestCalculationNeg.testCalculationByDivisionByZero-off"> + </span><span style="display:none;" id="negative.TestCalculationNeg.testCalculationByDivisionByZero-on"> - </span>[ Detail ]</a></div></td>
<td>0</td></tr>
<tr class="a">
<td></td>
<td>Expected exception: exceptions.DivisionByZero</td>
<td></td></tr>
<tr class="b">
<td></td>
<td>
<div id="negative.TestCalculationNeg.testCalculationByDivisionByZero-failure" style="display:none;">
<div>
<pre>java.lang.AssertionError: Expected exception: exceptions.DivisionByZero
	at org.junit.internal.runners.statements.ExpectException.evaluate(ExpectException.java:34)
	at org.junit.internal.runners.statements.RunBefores.evaluate(RunBefores.java:26)
	at org.junit.runners.ParentRunner$3.evaluate(ParentRunner.java:306)
	at org.junit.runners.BlockJUnit4ClassRunner$1.evaluate(BlockJUnit4ClassRunner.java:100)
	at org.junit.runners.ParentRunner.runLeaf(ParentRunner.java:366)
	at org.junit.runners.BlockJUnit4ClassRunner.runChild(BlockJUnit4ClassRunner.java:103)
	at org.junit.runners.BlockJUnit4ClassRunner.runChild(BlockJUnit4ClassRunner.java:63)
	at org.junit.runners.ParentRunner$4.run(ParentRunner.java:331)
	at org.junit.runners.ParentRunner$1.schedule(ParentRunner.java:79)
	at org.junit.runners.ParentRunner.runChildren(ParentRunner.java:329)
	at org.junit.runners.ParentRunner.access$100(ParentRunner.java:66)
	at org.junit.runners.ParentRunner$2.evaluate(ParentRunner.java:293)
	at org.junit.runners.ParentRunner$3.evaluate(ParentRunner.java:306)
	at org.junit.runners.ParentRunner.run(ParentRunner.java:413)
	at org.apache.maven.surefire.junit4.JUnit4Provider.execute(JUnit4Provider.java:252)
	at org.apache.maven.surefire.junit4.JUnit4Provider.executeTestSet(JUnit4Provider.java:141)
	at org.apache.maven.surefire.junit4.JUnit4Provider.invoke(JUnit4Provider.java:112)
	at sun.reflect.NativeMethodAccessorImpl.invoke0(Native Method)
	at sun.reflect.NativeMethodAccessorImpl.invoke(NativeMethodAccessorImpl.java:62)
	at sun.reflect.DelegatingMethodAccessorImpl.invoke(DelegatingMethodAccessorImpl.java:43)
	at java.lang.reflect.Method.invoke(Method.java:498)
	at org.apache.maven.surefire.util.ReflectionUtils.invokeMethodWithArray(ReflectionUtils.java:189)
	at org.apache.maven.surefire.booter.ProviderFactory$ProviderProxy.invoke(ProviderFactory.java:165)
	at org.apache.maven.surefire.booter.ProviderFactory.invokeProvider(ProviderFactory.java:85)
	at org.apache.maven.surefire.booter.ForkedBooter.runSuitesInProcess(ForkedBooter.java:115)
	at org.apache.maven.surefire.booter.ForkedBooter.main(ForkedBooter.java:75)
</pre></div></div></td>
<td></td></tr>
<tr class="a">
<td><a href="#negative.TestCalculationNeg.testCalculationWithParsing"><figure><img src="images/icon_error_sml.gif" alt="" /></figure></a></td>
<td><a name="TC_negative.TestCalculationNeg.testCalculationWithParsing"></a><a href="#negative.TestCalculationNeg.testCalculationWithParsing">testCalculationWithParsing</a>
<div class="detailToggle" style="display:inline"><a href="javascript:toggleDisplay('negative.TestCalculationNeg.testCalculationWithParsing');"><span style="display:inline;" id="negative.TestCalculationNeg.testCalculationWithParsing-off"> + </span><span style="display:none;" id="negative.TestCalculationNeg.testCalculationWithParsing-on"> - </span>[ Detail ]</a></div></td>
<td>0</td></tr>
<tr class="b">
<td></td>
<td> Expected: &lt;27.0&gt;      but: was &lt;28.0&gt;</td>
<td></td></tr>
<tr class="a">
<td></td>
<td>
<div id="negative.TestCalculationNeg.testCalculationWithParsing-failure" style="display:none;">
<div>
<pre>java.lang.AssertionError: 
Expected: &lt;27.0&gt;
     but: was &lt;28.0&gt;
	at org.hamcrest.MatcherAssert.assertThat(MatcherAssert.java:20)
	at org.hamcrest.MatcherAssert.assertThat(MatcherAssert.java:8)
	at negative.TestCalculationNeg.testCalculationWithParsing(TestCalculationNeg.java:43)
	at sun.reflect.NativeMethodAccessorImpl.invoke0(Native Method)
	at sun.reflect.NativeMethodAccessorImpl.invoke(NativeMethodAccessorImpl.java:62)
	at sun.reflect.DelegatingMethodAccessorImpl.invoke(DelegatingMethodAccessorImpl.java:43)
	at java.lang.reflect.Method.invoke(Method.java:498)
	at org.junit.runners.model.FrameworkMethod$1.runReflectiveCall(FrameworkMethod.java:59)
	at org.junit.internal.runners.model.ReflectiveCallable.run(ReflectiveCallable.java:12)
	at org.junit.runners.model.FrameworkMethod.invokeExplosively(FrameworkMethod.java:56)
	at org.junit.internal.runners.statements.InvokeMethod.evaluate(InvokeMethod.java:17)
	at org.junit.internal.runners.statements.RunBefores.evaluate(RunBefores.java:26)
	at org.junit.runners.ParentRunner$3.evaluate(ParentRunner.java:306)
	at org.junit.runners.BlockJUnit4ClassRunner$1.evaluate(BlockJUnit4ClassRunner.java:100)
	at org.junit.runners.ParentRunner.runLeaf(ParentRunner.java:366)
	at org.junit.runners.BlockJUnit4ClassRunner.runChild(BlockJUnit4ClassRunner.java:103)
	at org.junit.runners.BlockJUnit4ClassRunner.runChild(BlockJUnit4ClassRunner.java:63)
	at org.junit.runners.ParentRunner$4.run(ParentRunner.java:331)
	at org.junit.runners.ParentRunner$1.schedule(ParentRunner.java:79)
	at org.junit.runners.ParentRunner.runChildren(ParentRunner.java:329)
	at org.junit.runners.ParentRunner.access$100(ParentRunner.java:66)
	at org.junit.runners.ParentRunner$2.evaluate(ParentRunner.java:293)
	at org.junit.runners.ParentRunner$3.evaluate(ParentRunner.java:306)
	at org.junit.runners.ParentRunner.run(ParentRunner.java:413)
	at org.apache.maven.surefire.junit4.JUnit4Provider.execute(JUnit4Provider.java:252)
	at org.apache.maven.surefire.junit4.JUnit4Provider.executeTestSet(JUnit4Provider.java:141)
	at org.apache.maven.surefire.junit4.JUnit4Provider.invoke(JUnit4Provider.java:112)
	at sun.reflect.NativeMethodAccessorImpl.invoke0(Native Method)
	at sun.reflect.NativeMethodAccessorImpl.invoke(NativeMethodAccessorImpl.java:62)
	at sun.reflect.DelegatingMethodAccessorImpl.invoke(DelegatingMethodAccessorImpl.java:43)
	at java.lang.reflect.Method.invoke(Method.java:498)
	at org.apache.maven.surefire.util.ReflectionUtils.invokeMethodWithArray(ReflectionUtils.java:189)
	at org.apache.maven.surefire.booter.ProviderFactory$ProviderProxy.invoke(ProviderFactory.java:165)
	at org.apache.maven.surefire.booter.ProviderFactory.invokeProvider(ProviderFactory.java:85)
	at org.apache.maven.surefire.booter.ForkedBooter.runSuitesInProcess(ForkedBooter.java:115)
	at org.apache.maven.surefire.booter.ForkedBooter.main(ForkedBooter.java:75)</pre></div></div></td>
<td></td></tr>
<tr class="b">
<td><a href="#negative.TestCalculationNeg.testCalculateValue"><figure><img src="images/icon_error_sml.gif" alt="" /></figure></a></td>
<td><a name="TC_negative.TestCalculationNeg.testCalculateValue"></a><a href="#negative.TestCalculationNeg.testCalculateValue">testCalculateValue</a>
<div class="detailToggle" style="display:inline"><a href="javascript:toggleDisplay('negative.TestCalculationNeg.testCalculateValue');"><span style="display:inline;" id="negative.TestCalculationNeg.testCalculateValue-off"> + </span><span style="display:none;" id="negative.TestCalculationNeg.testCalculateValue-on"> - </span>[ Detail ]</a></div></td>
<td>0</td></tr>
<tr class="a">
<td></td>
<td> Expected: &lt;5.0&gt;      but: was &lt;8.0&gt;</td>
<td></td></tr>
<tr class="b">
<td></td>
<td>
<div id="negative.TestCalculationNeg.testCalculateValue-failure" style="display:none;">
<div>
<pre>java.lang.AssertionError: 
Expected: &lt;5.0&gt;
     but: was &lt;8.0&gt;
	at org.hamcrest.MatcherAssert.assertThat(MatcherAssert.java:20)
	at org.hamcrest.MatcherAssert.assertThat(MatcherAssert.java:8)
	at negative.TestCalculationNeg.testCalculateValue(TestCalculationNeg.java:23)
	at sun.reflect.NativeMethodAccessorImpl.invoke0(Native Method)
	at sun.reflect.NativeMethodAccessorImpl.invoke(NativeMethodAccessorImpl.java:62)
	at sun.reflect.DelegatingMethodAccessorImpl.invoke(DelegatingMethodAccessorImpl.java:43)
	at java.lang.reflect.Method.invoke(Method.java:498)
	at org.junit.runners.model.FrameworkMethod$1.runReflectiveCall(FrameworkMethod.java:59)
	at org.junit.internal.runners.model.ReflectiveCallable.run(ReflectiveCallable.java:12)
	at org.junit.runners.model.FrameworkMethod.invokeExplosively(FrameworkMethod.java:56)
	at org.junit.internal.runners.statements.InvokeMethod.evaluate(InvokeMethod.java:17)
	at org.junit.internal.runners.statements.RunBefores.evaluate(RunBefores.java:26)
	at org.junit.runners.ParentRunner$3.evaluate(ParentRunner.java:306)
	at org.junit.runners.BlockJUnit4ClassRunner$1.evaluate(BlockJUnit4ClassRunner.java:100)
	at org.junit.runners.ParentRunner.runLeaf(ParentRunner.java:366)
	at org.junit.runners.BlockJUnit4ClassRunner.runChild(BlockJUnit4ClassRunner.java:103)
	at org.junit.runners.BlockJUnit4ClassRunner.runChild(BlockJUnit4ClassRunner.java:63)
	at org.junit.runners.ParentRunner$4.run(ParentRunner.java:331)
	at org.junit.runners.ParentRunner$1.schedule(ParentRunner.java:79)
	at org.junit.runners.ParentRunner.runChildren(ParentRunner.java:329)
	at org.junit.runners.ParentRunner.access$100(ParentRunner.java:66)
	at org.junit.runners.ParentRunner$2.evaluate(ParentRunner.java:293)
	at org.junit.runners.ParentRunner$3.evaluate(ParentRunner.java:306)
	at org.junit.runners.ParentRunner.run(ParentRunner.java:413)
	at org.apache.maven.surefire.junit4.JUnit4Provider.execute(JUnit4Provider.java:252)
	at org.apache.maven.surefire.junit4.JUnit4Provider.executeTestSet(JUnit4Provider.java:141)
	at org.apache.maven.surefire.junit4.JUnit4Provider.invoke(JUnit4Provider.java:112)
	at sun.reflect.NativeMethodAccessorImpl.invoke0(Native Method)
	at sun.reflect.NativeMethodAccessorImpl.invoke(NativeMethodAccessorImpl.java:62)
	at sun.reflect.DelegatingMethodAccessorImpl.invoke(DelegatingMethodAccessorImpl.java:43)
	at java.lang.reflect.Method.invoke(Method.java:498)
	at org.apache.maven.surefire.util.ReflectionUtils.invokeMethodWithArray(ReflectionUtils.java:189)
	at org.apache.maven.surefire.booter.ProviderFactory$ProviderProxy.invoke(ProviderFactory.java:165)
	at org.apache.maven.surefire.booter.ProviderFactory.invokeProvider(ProviderFactory.java:85)
	at org.apache.maven.surefire.booter.ForkedBooter.runSuitesInProcess(ForkedBooter.java:115)
	at org.apache.maven.surefire.booter.ForkedBooter.main(ForkedBooter.java:75)
</pre></div></div></td>
<td></td></tr></table></section><section>
<h3><a name="TestValidationNeg"></a>TestValidationNeg</h3><a name="negative.TestValidationNeg"></a>
<table border="1" class="bodyTable">
<tr class="a">
<td><a href="#negative.TestValidationNeg.testCheckingFormulaByEmptyString"><figure><img src="images/icon_error_sml.gif" alt="" /></figure></a></td>
<td><a name="TC_negative.TestValidationNeg.testCheckingFormulaByEmptyString"></a><a href="#negative.TestValidationNeg.testCheckingFormulaByEmptyString">testCheckingFormulaByEmptyString</a>
<div class="detailToggle" style="display:inline"><a href="javascript:toggleDisplay('negative.TestValidationNeg.testCheckingFormulaByEmptyString');"><span style="display:inline;" id="negative.TestValidationNeg.testCheckingFormulaByEmptyString-off"> + </span><span style="display:none;" id="negative.TestValidationNeg.testCheckingFormulaByEmptyString-on"> - </span>[ Detail ]</a></div></td>
<td>0</td></tr>
<tr class="b">
<td></td>
<td>Unexpected exception, expected&lt;exceptions.EmptyString&gt; but was&lt;exceptions.IncorrectFirstCharacter&gt;</td>
<td></td></tr>
<tr class="a">
<td></td>
<td>
<div id="negative.TestValidationNeg.testCheckingFormulaByEmptyString-error" style="display:none;">
<div>
<pre>java.lang.Exception: Unexpected exception, expected&lt;exceptions.EmptyString&gt; but was&lt;exceptions.IncorrectFirstCharacter&gt;
	at org.junit.internal.runners.statements.ExpectException.evaluate(ExpectException.java:30)
	at org.junit.internal.runners.statements.RunBefores.evaluate(RunBefores.java:26)
	at org.junit.runners.ParentRunner$3.evaluate(ParentRunner.java:306)
	at org.junit.runners.BlockJUnit4ClassRunner$1.evaluate(BlockJUnit4ClassRunner.java:100)
	at org.junit.runners.ParentRunner.runLeaf(ParentRunner.java:366)
	at org.junit.runners.BlockJUnit4ClassRunner.runChild(BlockJUnit4ClassRunner.java:103)
	at org.junit.runners.BlockJUnit4ClassRunner.runChild(BlockJUnit4ClassRunner.java:63)
	at org.junit.runners.ParentRunner$4.run(ParentRunner.java:331)
	at org.junit.runners.ParentRunner$1.schedule(ParentRunner.java:79)
	at org.junit.runners.ParentRunner.runChildren(ParentRunner.java:329)
	at org.junit.runners.ParentRunner.access$100(ParentRunner.java:66)
	at org.junit.runners.ParentRunner$2.evaluate(ParentRunner.java:293)
	at org.junit.runners.ParentRunner$3.evaluate(ParentRunner.java:306)
	at org.junit.runners.ParentRunner.run(ParentRunner.java:413)
	at org.apache.maven.surefire.junit4.JUnit4Provider.execute(JUnit4Provider.java:252)
	at org.apache.maven.surefire.junit4.JUnit4Provider.executeTestSet(JUnit4Provider.java:141)
	at org.apache.maven.surefire.junit4.JUnit4Provider.invoke(JUnit4Provider.java:112)
	at sun.reflect.NativeMethodAccessorImpl.invoke0(Native Method)
	at sun.reflect.NativeMethodAccessorImpl.invoke(NativeMethodAccessorImpl.java:62)
	at sun.reflect.DelegatingMethodAccessorImpl.invoke(DelegatingMethodAccessorImpl.java:43)
	at java.lang.reflect.Method.invoke(Method.java:498)
	at org.apache.maven.surefire.util.ReflectionUtils.invokeMethodWithArray(ReflectionUtils.java:189)
	at org.apache.maven.surefire.booter.ProviderFactory$ProviderProxy.invoke(ProviderFactory.java:165)
	at org.apache.maven.surefire.booter.ProviderFactory.invokeProvider(ProviderFactory.java:85)
	at org.apache.maven.surefire.booter.ForkedBooter.runSuitesInProcess(ForkedBooter.java:115)
	at org.apache.maven.surefire.booter.ForkedBooter.main(ForkedBooter.java:75)
Caused by: exceptions.IncorrectFirstCharacter: &#x420;&#x45f;&#x421;&#x402;&#x420;&#x451;&#x420;&#x458;&#x420;&#xb5;&#x421;&#x402; &#x420;&#x491;&#x420;&#x455;&#x420;&#xbb;&#x420;&#xb6;&#x420;&#xb5;&#x420;&#x405; &#x420;&#x405;&#x420;&#xb0;&#x421;&#x2021;&#x420;&#x451;&#x420;&#x405;&#x420;&#xb0;&#x421;&#x201a;&#x421;&#x40a;&#x421;&#x403;&#x421;&#x40f; &#x421;&#x403; &#x421;&#x2020;&#x420;&#x451;&#x421;&#x201e;&#x421;&#x402;&#x421;&#x2039;
	at body.Validation.checkingFormula(Validation.java:22)
	at negative.TestValidationNeg.testCheckingFormulaByEmptyString(TestValidationNeg.java:22)
	at sun.reflect.NativeMethodAccessorImpl.invoke0(Native Method)
	at sun.reflect.NativeMethodAccessorImpl.invoke(NativeMethodAccessorImpl.java:62)
	at sun.reflect.DelegatingMethodAccessorImpl.invoke(DelegatingMethodAccessorImpl.java:43)
	at java.lang.reflect.Method.invoke(Method.java:498)
	at org.junit.runners.model.FrameworkMethod$1.runReflectiveCall(FrameworkMethod.java:59)
	at org.junit.internal.runners.model.ReflectiveCallable.run(ReflectiveCallable.java:12)
	at org.junit.runners.model.FrameworkMethod.invokeExplosively(FrameworkMethod.java:56)
	at org.junit.internal.runners.statements.InvokeMethod.evaluate(InvokeMethod.java:17)
	at org.junit.internal.runners.statements.ExpectException.evaluate(ExpectException.java:19)
	... 25 more</pre></div></div></td>
<td></td></tr>
<tr class="b">
<td><a href="#negative.TestValidationNeg.testCheckingFormulaByInvalidCharacter"><figure><img src="images/icon_error_sml.gif" alt="" /></figure></a></td>
<td><a name="TC_negative.TestValidationNeg.testCheckingFormulaByInvalidCharacter"></a><a href="#negative.TestValidationNeg.testCheckingFormulaByInvalidCharacter">testCheckingFormulaByInvalidCharacter</a>
<div class="detailToggle" style="display:inline"><a href="javascript:toggleDisplay('negative.TestValidationNeg.testCheckingFormulaByInvalidCharacter');"><span style="display:inline;" id="negative.TestValidationNeg.testCheckingFormulaByInvalidCharacter-off"> + </span><span style="display:none;" id="negative.TestValidationNeg.testCheckingFormulaByInvalidCharacter-on"> - </span>[ Detail ]</a></div></td>
<td>0</td></tr>
<tr class="a">
<td></td>
<td>Expected exception: exceptions.InvalidCharacter</td>
<td></td></tr>
<tr class="b">
<td></td>
<td>
<div id="negative.TestValidationNeg.testCheckingFormulaByInvalidCharacter-failure" style="display:none;">
<div>
<pre>java.lang.AssertionError: Expected exception: exceptions.InvalidCharacter
	at org.junit.internal.runners.statements.ExpectException.evaluate(ExpectException.java:34)
	at org.junit.internal.runners.statements.RunBefores.evaluate(RunBefores.java:26)
	at org.junit.runners.ParentRunner$3.evaluate(ParentRunner.java:306)
	at org.junit.runners.BlockJUnit4ClassRunner$1.evaluate(BlockJUnit4ClassRunner.java:100)
	at org.junit.runners.ParentRunner.runLeaf(ParentRunner.java:366)
	at org.junit.runners.BlockJUnit4ClassRunner.runChild(BlockJUnit4ClassRunner.java:103)
	at org.junit.runners.BlockJUnit4ClassRunner.runChild(BlockJUnit4ClassRunner.java:63)
	at org.junit.runners.ParentRunner$4.run(ParentRunner.java:331)
	at org.junit.runners.ParentRunner$1.schedule(ParentRunner.java:79)
	at org.junit.runners.ParentRunner.runChildren(ParentRunner.java:329)
	at org.junit.runners.ParentRunner.access$100(ParentRunner.java:66)
	at org.junit.runners.ParentRunner$2.evaluate(ParentRunner.java:293)
	at org.junit.runners.ParentRunner$3.evaluate(ParentRunner.java:306)
	at org.junit.runners.ParentRunner.run(ParentRunner.java:413)
	at org.apache.maven.surefire.junit4.JUnit4Provider.execute(JUnit4Provider.java:252)
	at org.apache.maven.surefire.junit4.JUnit4Provider.executeTestSet(JUnit4Provider.java:141)
	at org.apache.maven.surefire.junit4.JUnit4Provider.invoke(JUnit4Provider.java:112)
	at sun.reflect.NativeMethodAccessorImpl.invoke0(Native Method)
	at sun.reflect.NativeMethodAccessorImpl.invoke(NativeMethodAccessorImpl.java:62)
	at sun.reflect.DelegatingMethodAccessorImpl.invoke(DelegatingMethodAccessorImpl.java:43)
	at java.lang.reflect.Method.invoke(Method.java:498)
	at org.apache.maven.surefire.util.ReflectionUtils.invokeMethodWithArray(ReflectionUtils.java:189)
	at org.apache.maven.surefire.booter.ProviderFactory$ProviderProxy.invoke(ProviderFactory.java:165)
	at org.apache.maven.surefire.booter.ProviderFactory.invokeProvider(ProviderFactory.java:85)
	at org.apache.maven.surefire.booter.ForkedBooter.runSuitesInProcess(ForkedBooter.java:115)
	at org.apache.maven.surefire.booter.ForkedBooter.main(ForkedBooter.java:75)
</pre></div></div></td>
<td></td></tr>
<tr class="a">
<td><a href="#negative.TestValidationNeg.testCheckingFormulaByIncorrectFirstCharacter"><figure><img src="images/icon_error_sml.gif" alt="" /></figure></a></td>
<td><a name="TC_negative.TestValidationNeg.testCheckingFormulaByIncorrectFirstCharacter"></a><a href="#negative.TestValidationNeg.testCheckingFormulaByIncorrectFirstCharacter">testCheckingFormulaByIncorrectFirstCharacter</a>
<div class="detailToggle" style="display:inline"><a href="javascript:toggleDisplay('negative.TestValidationNeg.testCheckingFormulaByIncorrectFirstCharacter');"><span style="display:inline;" id="negative.TestValidationNeg.testCheckingFormulaByIncorrectFirstCharacter-off"> + </span><span style="display:none;" id="negative.TestValidationNeg.testCheckingFormulaByIncorrectFirstCharacter-on"> - </span>[ Detail ]</a></div></td>
<td>0</td></tr>
<tr class="b">
<td></td>
<td>Expected exception: exceptions.IncorrectFirstCharacter</td>
<td></td></tr>
<tr class="a">
<td></td>
<td>
<div id="negative.TestValidationNeg.testCheckingFormulaByIncorrectFirstCharacter-failure" style="display:none;">
<div>
<pre>java.lang.AssertionError: Expected exception: exceptions.IncorrectFirstCharacter
	at org.junit.internal.runners.statements.ExpectException.evaluate(ExpectException.java:34)
	at org.junit.internal.runners.statements.RunBefores.evaluate(RunBefores.java:26)
	at org.junit.runners.ParentRunner$3.evaluate(ParentRunner.java:306)
	at org.junit.runners.BlockJUnit4ClassRunner$1.evaluate(BlockJUnit4ClassRunner.java:100)
	at org.junit.runners.ParentRunner.runLeaf(ParentRunner.java:366)
	at org.junit.runners.BlockJUnit4ClassRunner.runChild(BlockJUnit4ClassRunner.java:103)
	at org.junit.runners.BlockJUnit4ClassRunner.runChild(BlockJUnit4ClassRunner.java:63)
	at org.junit.runners.ParentRunner$4.run(ParentRunner.java:331)
	at org.junit.runners.ParentRunner$1.schedule(ParentRunner.java:79)
	at org.junit.runners.ParentRunner.runChildren(ParentRunner.java:329)
	at org.junit.runners.ParentRunner.access$100(ParentRunner.java:66)
	at org.junit.runners.ParentRunner$2.evaluate(ParentRunner.java:293)
	at org.junit.runners.ParentRunner$3.evaluate(ParentRunner.java:306)
	at org.junit.runners.ParentRunner.run(ParentRunner.java:413)
	at org.apache.maven.surefire.junit4.JUnit4Provider.execute(JUnit4Provider.java:252)
	at org.apache.maven.surefire.junit4.JUnit4Provider.executeTestSet(JUnit4Provider.java:141)
	at org.apache.maven.surefire.junit4.JUnit4Provider.invoke(JUnit4Provider.java:112)
	at sun.reflect.NativeMethodAccessorImpl.invoke0(Native Method)
	at sun.reflect.NativeMethodAccessorImpl.invoke(NativeMethodAccessorImpl.java:62)
	at sun.reflect.DelegatingMethodAccessorImpl.invoke(DelegatingMethodAccessorImpl.java:43)
	at java.lang.reflect.Method.invoke(Method.java:498)
	at org.apache.maven.surefire.util.ReflectionUtils.invokeMethodWithArray(ReflectionUtils.java:189)
	at org.apache.maven.surefire.booter.ProviderFactory$ProviderProxy.invoke(ProviderFactory.java:165)
	at org.apache.maven.surefire.booter.ProviderFactory.invokeProvider(ProviderFactory.java:85)
	at org.apache.maven.surefire.booter.ForkedBooter.runSuitesInProcess(ForkedBooter.java:115)
	at org.apache.maven.surefire.booter.ForkedBooter.main(ForkedBooter.java:75)
</pre></div></div></td>
<td></td></tr>
<tr class="b">
<td><a href="#negative.TestValidationNeg.testCheckingFormulaByDuplicateSymbol"><figure><img src="images/icon_error_sml.gif" alt="" /></figure></a></td>
<td><a name="TC_negative.TestValidationNeg.testCheckingFormulaByDuplicateSymbol"></a><a href="#negative.TestValidationNeg.testCheckingFormulaByDuplicateSymbol">testCheckingFormulaByDuplicateSymbol</a>
<div class="detailToggle" style="display:inline"><a href="javascript:toggleDisplay('negative.TestValidationNeg.testCheckingFormulaByDuplicateSymbol');"><span style="display:inline;" id="negative.TestValidationNeg.testCheckingFormulaByDuplicateSymbol-off"> + </span><span style="display:none;" id="negative.TestValidationNeg.testCheckingFormulaByDuplicateSymbol-on"> - </span>[ Detail ]</a></div></td>
<td>0</td></tr>
<tr class="a">
<td></td>
<td>Expected exception: exceptions.DuplicateMathematicalSymbol</td>
<td></td></tr>
<tr class="b">
<td></td>
<td>
<div id="negative.TestValidationNeg.testCheckingFormulaByDuplicateSymbol-failure" style="display:none;">
<div>
<pre>java.lang.AssertionError: Expected exception: exceptions.DuplicateMathematicalSymbol
	at org.junit.internal.runners.statements.ExpectException.evaluate(ExpectException.java:34)
	at org.junit.internal.runners.statements.RunBefores.evaluate(RunBefores.java:26)
	at org.junit.runners.ParentRunner$3.evaluate(ParentRunner.java:306)
	at org.junit.runners.BlockJUnit4ClassRunner$1.evaluate(BlockJUnit4ClassRunner.java:100)
	at org.junit.runners.ParentRunner.runLeaf(ParentRunner.java:366)
	at org.junit.runners.BlockJUnit4ClassRunner.runChild(BlockJUnit4ClassRunner.java:103)
	at org.junit.runners.BlockJUnit4ClassRunner.runChild(BlockJUnit4ClassRunner.java:63)
	at org.junit.runners.ParentRunner$4.run(ParentRunner.java:331)
	at org.junit.runners.ParentRunner$1.schedule(ParentRunner.java:79)
	at org.junit.runners.ParentRunner.runChildren(ParentRunner.java:329)
	at org.junit.runners.ParentRunner.access$100(ParentRunner.java:66)
	at org.junit.runners.ParentRunner$2.evaluate(ParentRunner.java:293)
	at org.junit.runners.ParentRunner$3.evaluate(ParentRunner.java:306)
	at org.junit.runners.ParentRunner.run(ParentRunner.java:413)
	at org.apache.maven.surefire.junit4.JUnit4Provider.execute(JUnit4Provider.java:252)
	at org.apache.maven.surefire.junit4.JUnit4Provider.executeTestSet(JUnit4Provider.java:141)
	at org.apache.maven.surefire.junit4.JUnit4Provider.invoke(JUnit4Provider.java:112)
	at sun.reflect.NativeMethodAccessorImpl.invoke0(Native Method)
	at sun.reflect.NativeMethodAccessorImpl.invoke(NativeMethodAccessorImpl.java:62)
	at sun.reflect.DelegatingMethodAccessorImpl.invoke(DelegatingMethodAccessorImpl.java:43)
	at java.lang.reflect.Method.invoke(Method.java:498)
	at org.apache.maven.surefire.util.ReflectionUtils.invokeMethodWithArray(ReflectionUtils.java:189)
	at org.apache.maven.surefire.booter.ProviderFactory$ProviderProxy.invoke(ProviderFactory.java:165)
	at org.apache.maven.surefire.booter.ProviderFactory.invokeProvider(ProviderFactory.java:85)
	at org.apache.maven.surefire.booter.ForkedBooter.runSuitesInProcess(ForkedBooter.java:115)
	at org.apache.maven.surefire.booter.ForkedBooter.main(ForkedBooter.java:75)
</pre></div></div></td>
<td></td></tr></table></section><section>
<h3><a name="TestCalculation"></a>TestCalculation</h3><a name="positive.TestCalculation"></a>
<table border="1" class="bodyTable">
<tr class="a">
<td><figure><img src="images/icon_success_sml.gif" alt="" /></figure></td>
<td><a name="TC_positive.TestCalculation.testCalculation"></a>testCalculation</td>
<td>0</td></tr>
<tr class="b">
<td><figure><img src="images/icon_success_sml.gif" alt="" /></figure></td>
<td><a name="TC_positive.TestCalculation.testCalculationByDivisionByZero"></a>testCalculationByDivisionByZero</td>
<td>0</td></tr>
<tr class="a">
<td><figure><img src="images/icon_success_sml.gif" alt="" /></figure></td>
<td><a name="TC_positive.TestCalculation.testCalculationWithParsing"></a>testCalculationWithParsing</td>
<td>0</td></tr>
<tr class="b">
<td><figure><img src="images/icon_success_sml.gif" alt="" /></figure></td>
<td><a name="TC_positive.TestCalculation.testCalculationByException"></a>testCalculationByException</td>
<td>0</td></tr>
<tr class="a">
<td><figure><img src="images/icon_success_sml.gif" alt="" /></figure></td>
<td><a name="TC_positive.TestCalculation.testCalculateValue"></a>testCalculateValue</td>
<td>0</td></tr></table></section><section>
<h3><a name="TestParsing"></a>TestParsing</h3><a name="positive.TestParsing"></a>
<table border="1" class="bodyTable">
<tr class="a">
<td><figure><img src="images/icon_success_sml.gif" alt="" /></figure></td>
<td><a name="TC_positive.TestParsing.testGetFormulaRPN"></a>testGetFormulaRPN</td>
<td>0</td></tr>
<tr class="b">
<td><figure><img src="images/icon_success_sml.gif" alt="" /></figure></td>
<td><a name="TC_positive.TestParsing.testGetFormulaRPN_Exception"></a>testGetFormulaRPN_Exception</td>
<td>0</td></tr></table></section><section>
<h3><a name="TestValidation"></a>TestValidation</h3><a name="positive.TestValidation"></a>
<table border="1" class="bodyTable">
<tr class="a">
<td><figure><img src="images/icon_success_sml.gif" alt="" /></figure></td>
<td><a name="TC_positive.TestValidation.testCheckingFormulaByEmptyString"></a>testCheckingFormulaByEmptyString</td>
<td>0</td></tr>
<tr class="b">
<td><figure><img src="images/icon_success_sml.gif" alt="" /></figure></td>
<td><a name="TC_positive.TestValidation.testCheckingFormulaByInvalidCharacter"></a>testCheckingFormulaByInvalidCharacter</td>
<td>0</td></tr>
<tr class="a">
<td><figure><img src="images/icon_success_sml.gif" alt="" /></figure></td>
<td><a name="TC_positive.TestValidation.testCheckingFormulaByIncorrectFirstCharacter"></a>testCheckingFormulaByIncorrectFirstCharacter</td>
<td>0</td></tr>
<tr class="b">
<td><figure><img src="images/icon_success_sml.gif" alt="" /></figure></td>
<td><a name="TC_positive.TestValidation.testCheckingFormulaByDuplicateSymbol"></a>testCheckingFormulaByDuplicateSymbol</td>
<td>0</td></tr></table></section><br /></section><section>
<h2><a name="Failure_Details"></a>Failure Details</h2><a name="Failure_Details"></a>
<p>[<a href="#Summary">Summary</a>] [<a href="#Package_List">Package List</a>] [<a href="#Test_Cases">Test Cases</a>]</p><br />
<table border="1" class="bodyTable">
<tr class="a">
<td><figure><img src="images/icon_error_sml.gif" alt="" /></figure></td>
<td><a name="negative.TestCalculationNeg.testCalculation"></a>testCalculation</td></tr>
<tr class="b">
<td></td>
<td>java.lang.AssertionError:  Expected: &lt;8.5&gt;      but: was &lt;9.5&gt;</td></tr>
<tr class="a">
<td></td>
<td>
<div id="testCalculation-failure">negative.TestCalculationNeg:37</div></td></tr>
<tr class="b">
<td><figure><img src="images/icon_error_sml.gif" alt="" /></figure></td>
<td><a name="negative.TestCalculationNeg.testCalculationByDivisionByZero"></a>testCalculationByDivisionByZero</td></tr>
<tr class="a">
<td></td>
<td>java.lang.AssertionError: Expected exception: exceptions.DivisionByZero</td></tr>
<tr class="b">
<td></td>
<td>
<div id="testCalculationByDivisionByZero-failure">negative.TestCalculationNeg:</div></td></tr>
<tr class="a">
<td><figure><img src="images/icon_error_sml.gif" alt="" /></figure></td>
<td><a name="negative.TestCalculationNeg.testCalculationWithParsing"></a>testCalculationWithParsing</td></tr>
<tr class="b">
<td></td>
<td>java.lang.AssertionError:  Expected: &lt;27.0&gt;      but: was &lt;28.0&gt;</td></tr>
<tr class="a">
<td></td>
<td>
<div id="testCalculationWithParsing-failure">negative.TestCalculationNeg:43</div></td></tr>
<tr class="b">
<td><figure><img src="images/icon_error_sml.gif" alt="" /></figure></td>
<td><a name="negative.TestCalculationNeg.testCalculateValue"></a>testCalculateValue</td></tr>
<tr class="a">
<td></td>
<td>java.lang.AssertionError:  Expected: &lt;5.0&gt;      but: was &lt;8.0&gt;</td></tr>
<tr class="b">
<td></td>
<td>
<div id="testCalculateValue-failure">negative.TestCalculationNeg:23</div></td></tr>
<tr class="a">
<td><figure><img src="images/icon_error_sml.gif" alt="" /></figure></td>
<td><a name="negative.TestValidationNeg.testCheckingFormulaByEmptyString"></a>testCheckingFormulaByEmptyString</td></tr>
<tr class="b">
<td></td>
<td>java.lang.Exception: Unexpected exception, expected&lt;exceptions.EmptyString&gt; but was&lt;exceptions.IncorrectFirstCharacter&gt;</td></tr>
<tr class="a">
<td></td>
<td>
<div id="testCheckingFormulaByEmptyString-error">negative.TestValidationNeg:</div></td></tr>
<tr class="b">
<td><figure><img src="images/icon_error_sml.gif" alt="" /></figure></td>
<td><a name="negative.TestValidationNeg.testCheckingFormulaByInvalidCharacter"></a>testCheckingFormulaByInvalidCharacter</td></tr>
<tr class="a">
<td></td>
<td>java.lang.AssertionError: Expected exception: exceptions.InvalidCharacter</td></tr>
<tr class="b">
<td></td>
<td>
<div id="testCheckingFormulaByInvalidCharacter-failure">negative.TestValidationNeg:</div></td></tr>
<tr class="a">
<td><figure><img src="images/icon_error_sml.gif" alt="" /></figure></td>
<td><a name="negative.TestValidationNeg.testCheckingFormulaByIncorrectFirstCharacter"></a>testCheckingFormulaByIncorrectFirstCharacter</td></tr>
<tr class="b">
<td></td>
<td>java.lang.AssertionError: Expected exception: exceptions.IncorrectFirstCharacter</td></tr>
<tr class="a">
<td></td>
<td>
<div id="testCheckingFormulaByIncorrectFirstCharacter-failure">negative.TestValidationNeg:</div></td></tr>
<tr class="b">
<td><figure><img src="images/icon_error_sml.gif" alt="" /></figure></td>
<td><a name="negative.TestValidationNeg.testCheckingFormulaByDuplicateSymbol"></a>testCheckingFormulaByDuplicateSymbol</td></tr>
<tr class="a">
<td></td>
<td>java.lang.AssertionError: Expected exception: exceptions.DuplicateMathematicalSymbol</td></tr>
<tr class="b">
<td></td>
<td>
<div id="testCheckingFormulaByDuplicateSymbol-failure">negative.TestValidationNeg:</div></td></tr></table><br /></section>
      </div>
    </div>
    <div class="clear">
      <hr/>
    </div>
    <div id="footer">
      <div class="xright">
        Copyright &#169;      2021..      </div>
      <div class="clear">
        <hr/>
      </div>
    </div>
  </body>
</html>
